<?xml version="1.0" encoding="UTF-8"?>
<testng-results ignored="0" total="1" passed="1" failed="0" skipped="0">
  <reporter-output>
  </reporter-output>
  <suite started-at="2023-07-05T08:29:54Z" name="Default suite" finished-at="2023-07-05T08:30:02Z" duration-ms="8521">
    <groups>
    </groups>
    <test started-at="2023-07-05T08:29:54Z" name="Default test" finished-at="2023-07-05T08:30:02Z" duration-ms="8521">
      <class name="com.ftelscm.invimport.FtelSCM_Create_Inv_Import">
        <test-method is-config="true" signature="beforeClass()[pri:0, instance:com.ftelscm.invimport.FtelSCM_Create_Inv_Import@7a8c8dcf]" started-at="2023-07-05T08:29:54Z" name="beforeClass" finished-at="2023-07-05T08:29:59Z" duration-ms="4764" status="PASS">
          <reporter-output>
          </reporter-output>
        </test-method> <!-- beforeClass -->
        <test-method signature="Create_InvImport()[pri:0, instance:com.ftelscm.invimport.FtelSCM_Create_Inv_Import@7a8c8dcf]" started-at="2023-07-05T08:29:59Z" name="Create_InvImport" finished-at="2023-07-05T08:30:02Z" duration-ms="3731" status="PASS">
          <reporter-output>
          </reporter-output>
        </test-method> <!-- Create_InvImport -->
        <test-method is-config="true" signature="afterClass()[pri:0, instance:com.ftelscm.invimport.FtelSCM_Create_Inv_Import@7a8c8dcf]" started-at="2023-07-05T08:30:02Z" name="afterClass" finished-at="2023-07-05T08:30:02Z" duration-ms="0" status="PASS">
          <reporter-output>
          </reporter-output>
        </test-method> <!-- afterClass -->
      </class> <!-- com.ftelscm.invimport.FtelSCM_Create_Inv_Import -->
    </test> <!-- Default test -->
  </suite> <!-- Default suite -->
</testng-results>
